                                 Started job on |	Apr 22 14:30:57
                             Started mapping on |	Apr 22 14:30:57
                                    Finished on |	Apr 22 14:31:53
       Mapping speed, Million of reads per hour |	64.29

                          Number of input reads |	1000000
                      Average input read length |	91
                                    UNIQUE READS:
                   Uniquely mapped reads number |	831509
                        Uniquely mapped reads % |	83.15%
                          Average mapped length |	90.92
                       Number of splices: Total |	643
            Number of splices: Annotated (sjdb) |	0
                       Number of splices: GT/AG |	180
                       Number of splices: GC/AG |	27
                       Number of splices: AT/AC |	0
               Number of splices: Non-canonical |	436
                      Mismatch rate per base, % |	0.40%
                         Deletion rate per base |	0.01%
                        Deletion average length |	1.02
                        Insertion rate per base |	0.00%
                       Insertion average length |	1.06
                             MULTI-MAPPING READS:
        Number of reads mapped to multiple loci |	0
             % of reads mapped to multiple loci |	0.00%
        Number of reads mapped to too many loci |	2052
             % of reads mapped to too many loci |	0.21%
                                  UNMAPPED READS:
       % of reads unmapped: too many mismatches |	0.00%
                 % of reads unmapped: too short |	16.02%
                     % of reads unmapped: other |	0.62%
                                  CHIMERIC READS:
                       Number of chimeric reads |	0
                            % of chimeric reads |	0.00%
